<?xml version="1.0" encoding="UTF-8"?>
<robot generator="Robot 3.1.2 (Python 3.7.3 on win32)" generated="20191225 16:10:05.922" rpa="false">
<suite id="s1" name="Demo1" source="C:\Robot_projects\Demo\Demo1.robot">
<test id="s1-t1" name="TC_02">
<kw name="SetUpDemo" type="setup">
<kw name="Log To Console" library="BuiltIn">
<doc>Logs the given message to the console.</doc>
<arguments>
<arg>This is setup</arg>
</arguments>
<status status="PASS" starttime="20191225 16:10:06.561" endtime="20191225 16:10:06.561"></status>
</kw>
<status status="PASS" starttime="20191225 16:10:06.561" endtime="20191225 16:10:06.561"></status>
</kw>
<kw name="Should Not Be Equal As Strings" library="BuiltIn">
<doc>Fails if objects are equal after converting them to strings.</doc>
<arguments>
<arg>@{USER}[0]</arg>
<arg>@{USER}[1]</arg>
</arguments>
<status status="PASS" starttime="20191225 16:10:06.561" endtime="20191225 16:10:06.561"></status>
</kw>
<kw name="TearDownDemo" type="teardown">
<kw name="Log To Console" library="BuiltIn">
<doc>Logs the given message to the console.</doc>
<arguments>
<arg>This is TearDown</arg>
</arguments>
<status status="PASS" starttime="20191225 16:10:06.561" endtime="20191225 16:10:06.561"></status>
</kw>
<status status="PASS" starttime="20191225 16:10:06.561" endtime="20191225 16:10:06.561"></status>
</kw>
<tags>
<tag>LOGIN</tag>
</tags>
<status status="PASS" starttime="20191225 16:10:06.561" endtime="20191225 16:10:06.561" critical="yes"></status>
</test>
<test id="s1-t2" name="TC_04">
<kw name="Should Be True" library="BuiltIn">
<doc>Fails if the given condition is not true.</doc>
<arguments>
<arg>4</arg>
<arg>4</arg>
</arguments>
<status status="PASS" starttime="20191225 16:10:06.577" endtime="20191225 16:10:06.577"></status>
</kw>
<tags>
<tag>LOGIN</tag>
</tags>
<status status="PASS" starttime="20191225 16:10:06.577" endtime="20191225 16:10:06.577" critical="yes"></status>
</test>
<status status="PASS" starttime="20191225 16:10:05.922" endtime="20191225 16:10:06.577"></status>
</suite>
<statistics>
<total>
<stat pass="2" fail="0">Critical Tests</stat>
<stat pass="2" fail="0">All Tests</stat>
</total>
<tag>
<stat pass="2" fail="0">LOGIN</stat>
</tag>
<suite>
<stat pass="2" fail="0" id="s1" name="Demo1">Demo1</stat>
</suite>
</statistics>
<errors>
</errors>
</robot>
