<?xml version="1.0" encoding="UTF-8"?>
<robot generator="Robot 3.1.2 (Python 3.6.5 on win32)" generated="20200203 17:38:01.894" rpa="false">
<suite id="s1" name="Leo" source="C:\Users\nage\Robot clones\RobotFM\Leo.robot">
<test id="s1-t1" name="TC_01_Login_with_XLSX">
<kw name="navigateToUrl" library="BasicKeywords">
<kw name="Open Browser" library="SeleniumLibrary">
<doc>Opens a new browser instance to the optional ``url``.</doc>
<arguments>
<arg>https://www.leo.org</arg>
<arg>chrome</arg>
</arguments>
<msg timestamp="20200203 17:38:02.950" level="INFO">Opening browser 'chrome' to base url 'https://www.leo.org'.</msg>
<status status="PASS" starttime="20200203 17:38:02.950" endtime="20200203 17:38:06.271"></status>
</kw>
<status status="PASS" starttime="20200203 17:38:02.950" endtime="20200203 17:38:06.271"></status>
</kw>
<kw name="Location Should Be" library="SeleniumLibrary">
<doc>Verifies that the current URL is exactly ``url``.</doc>
<arguments>
<arg>https://www.leo.org/german-english</arg>
</arguments>
<msg timestamp="20200203 17:38:06.279" level="INFO">Current location is 'https://www.leo.org/german-english'.</msg>
<status status="PASS" starttime="20200203 17:38:06.273" endtime="20200203 17:38:06.279"></status>
</kw>
<kw name="PageObjects" library="BasicKeywords">
<kw name="Element Text Should Be" library="SeleniumLibrary">
<doc>Verifies that element ``locator`` contains exact the text ``expected``.</doc>
<arguments>
<arg>xpath://h1[@class='f0 p-v-medium']</arg>
<arg>LEO’s dictionaries</arg>
</arguments>
<msg timestamp="20200203 17:38:06.280" level="INFO">Verifying element 'xpath://h1[@class='f0 p-v-medium']' contains exact text 'LEO’s dictionaries'.</msg>
<status status="PASS" starttime="20200203 17:38:06.279" endtime="20200203 17:38:06.305"></status>
</kw>
<kw name="Page Should Contain Element" library="SeleniumLibrary">
<doc>Verifies that element ``locator`` is found on the current page.</doc>
<arguments>
<arg>xpath://i[@title='Login']</arg>
</arguments>
<msg timestamp="20200203 17:38:06.315" level="INFO">Current page contains element 'xpath://i[@title='Login']'.</msg>
<status status="PASS" starttime="20200203 17:38:06.305" endtime="20200203 17:38:06.315"></status>
</kw>
<status status="PASS" starttime="20200203 17:38:06.279" endtime="20200203 17:38:06.315"></status>
</kw>
<kw name="Maximize Browser Window" library="SeleniumLibrary">
<doc>Maximizes current browser window.</doc>
<status status="PASS" starttime="20200203 17:38:06.315" endtime="20200203 17:38:07.549"></status>
</kw>
<kw name="Comment" library="BuiltIn">
<doc>Displays the given messages in the log file as keyword arguments.</doc>
<arguments>
<arg>simpleLoginToLeo</arg>
</arguments>
<status status="PASS" starttime="20200203 17:38:07.550" endtime="20200203 17:38:07.551"></status>
</kw>
<kw name="Login to user application" library="CommonlyUsedKeywords">
<kw name="Set Global Variable" library="BuiltIn">
<doc>Makes a variable available globally in all tests and suites.</doc>
<arguments>
<arg>${username}</arg>
</arguments>
<msg timestamp="20200203 17:38:07.554" level="INFO">${username} = </msg>
<status status="PASS" starttime="20200203 17:38:07.553" endtime="20200203 17:38:07.554"></status>
</kw>
<kw name="Set Global Variable" library="BuiltIn">
<doc>Makes a variable available globally in all tests and suites.</doc>
<arguments>
<arg>${password}</arg>
</arguments>
<msg timestamp="20200203 17:38:07.554" level="INFO">${password} = </msg>
<status status="PASS" starttime="20200203 17:38:07.554" endtime="20200203 17:38:07.554"></status>
</kw>
<kw name="Open Excel Document" library="ExcelLibrary">
<doc>Opens xlsx document file.</doc>
<arguments>
<arg>C:/Users/nage/Robot clones/RobotFM/Leo.xlsx</arg>
<arg>doc_id=Leo.xlsx</arg>
</arguments>
<status status="PASS" starttime="20200203 17:38:07.554" endtime="20200203 17:38:07.561"></status>
</kw>
<kw name="Read Excel Cell" library="ExcelLibrary">
<doc>Returns content of a cell.</doc>
<arguments>
<arg>2</arg>
<arg>2</arg>
</arguments>
<assign>
<var>${username}</var>
</assign>
<msg timestamp="20200203 17:38:07.562" level="INFO">${username} = saturnnine</msg>
<status status="PASS" starttime="20200203 17:38:07.561" endtime="20200203 17:38:07.562"></status>
</kw>
<kw name="Read Excel Cell" library="ExcelLibrary">
<doc>Returns content of a cell.</doc>
<arguments>
<arg>2</arg>
<arg>3</arg>
</arguments>
<assign>
<var>${password}</var>
</assign>
<msg timestamp="20200203 17:38:07.562" level="INFO">${password} = saturnnine</msg>
<status status="PASS" starttime="20200203 17:38:07.562" endtime="20200203 17:38:07.562"></status>
</kw>
<kw name="Click Element" library="SeleniumLibrary">
<doc>Click the element identified by ``locator``.</doc>
<arguments>
<arg>xpath://i[@title='Login']</arg>
</arguments>
<msg timestamp="20200203 17:38:07.562" level="INFO">Clicking element 'xpath://i[@title='Login']'.</msg>
<status status="PASS" starttime="20200203 17:38:07.562" endtime="20200203 17:38:07.663"></status>
</kw>
<kw name="Page Should Contain Element" library="SeleniumLibrary">
<doc>Verifies that element ``locator`` is found on the current page.</doc>
<arguments>
<arg>xpath://button[@type='submit' and contains(text(), 'Login')]</arg>
</arguments>
<msg timestamp="20200203 17:38:07.694" level="INFO">Current page contains element 'xpath://button[@type='submit' and contains(text(), 'Login')]'.</msg>
<status status="PASS" starttime="20200203 17:38:07.663" endtime="20200203 17:38:07.694"></status>
</kw>
<kw name="Page Should Contain Element" library="SeleniumLibrary">
<doc>Verifies that element ``locator`` is found on the current page.</doc>
<arguments>
<arg>//a[@class='fw-b c_link' and contains(text(), 'Don’t have an account? - Register now.')]</arg>
</arguments>
<msg timestamp="20200203 17:38:07.715" level="INFO">Current page contains element '//a[@class='fw-b c_link' and contains(text(), 'Don’t have an account? - Register now.')]'.</msg>
<status status="PASS" starttime="20200203 17:38:07.695" endtime="20200203 17:38:07.716"></status>
</kw>
<kw name="Wait Until Keyword Succeeds" library="BuiltIn">
<doc>Runs the specified keyword and retries if it fails.</doc>
<arguments>
<arg>2</arg>
<arg>1</arg>
<arg>Clear Element Text</arg>
<arg>xpath://input[@name='login' and @autocomplete='username']</arg>
</arguments>
<kw name="Clear Element Text" library="SeleniumLibrary">
<doc>Clears the value of the text-input-element identified by ``locator``.</doc>
<arguments>
<arg>xpath://input[@name='login' and @autocomplete='username']</arg>
</arguments>
<kw name="Capture Page Screenshot" library="SeleniumLibrary">
<doc>Takes a screenshot of the current page and embeds it into a log file.</doc>
<msg timestamp="20200203 17:38:08.315" level="INFO" html="yes">&lt;/td&gt;&lt;/tr&gt;&lt;tr&gt;&lt;td colspan="3"&gt;&lt;a href="selenium-screenshot-1.png"&gt;&lt;img src="selenium-screenshot-1.png" width="800px"&gt;&lt;/a&gt;</msg>
<status status="PASS" starttime="20200203 17:38:07.751" endtime="20200203 17:38:08.315"></status>
</kw>
<msg timestamp="20200203 17:38:08.320" level="FAIL">ElementNotInteractableException: Message: element not interactable
  (Session info: chrome=79.0.3945.130)
</msg>
<status status="FAIL" starttime="20200203 17:38:07.716" endtime="20200203 17:38:08.321"></status>
</kw>
<kw name="Clear Element Text" library="SeleniumLibrary">
<doc>Clears the value of the text-input-element identified by ``locator``.</doc>
<arguments>
<arg>xpath://input[@name='login' and @autocomplete='username']</arg>
</arguments>
<status status="PASS" starttime="20200203 17:38:09.322" endtime="20200203 17:38:09.393"></status>
</kw>
<status status="PASS" starttime="20200203 17:38:07.716" endtime="20200203 17:38:09.393"></status>
</kw>
<kw name="Wait Until Keyword Succeeds" library="BuiltIn">
<doc>Runs the specified keyword and retries if it fails.</doc>
<arguments>
<arg>2</arg>
<arg>1</arg>
<arg>Input Text</arg>
<arg>xpath://input[@name='login' and @autocomplete='username']</arg>
<arg>${username}</arg>
</arguments>
<kw name="Input Text" library="SeleniumLibrary">
<doc>Types the given ``text`` into the text field identified by ``locator``.</doc>
<arguments>
<arg>xpath://input[@name='login' and @autocomplete='username']</arg>
<arg>${username}</arg>
</arguments>
<msg timestamp="20200203 17:38:09.394" level="INFO">Typing text 'saturnnine' into text field 'xpath://input[@name='login' and @autocomplete='username']'.</msg>
<status status="PASS" starttime="20200203 17:38:09.393" endtime="20200203 17:38:09.497"></status>
</kw>
<status status="PASS" starttime="20200203 17:38:09.393" endtime="20200203 17:38:09.497"></status>
</kw>
<kw name="Wait Until Keyword Succeeds" library="BuiltIn">
<doc>Runs the specified keyword and retries if it fails.</doc>
<arguments>
<arg>2</arg>
<arg>1</arg>
<arg>Input Text</arg>
<arg>xpath://input[@name='password' and @autocomplete='current-password']</arg>
<arg>${password}</arg>
</arguments>
<kw name="Input Text" library="SeleniumLibrary">
<doc>Types the given ``text`` into the text field identified by ``locator``.</doc>
<arguments>
<arg>xpath://input[@name='password' and @autocomplete='current-password']</arg>
<arg>${password}</arg>
</arguments>
<msg timestamp="20200203 17:38:09.498" level="INFO">Typing text 'saturnnine' into text field 'xpath://input[@name='password' and @autocomplete='current-password']'.</msg>
<status status="PASS" starttime="20200203 17:38:09.497" endtime="20200203 17:38:09.592"></status>
</kw>
<status status="PASS" starttime="20200203 17:38:09.497" endtime="20200203 17:38:09.592"></status>
</kw>
<kw name="Click Element" library="SeleniumLibrary">
<doc>Click the element identified by ``locator``.</doc>
<arguments>
<arg>xpath://button[@type='submit' and contains(text(), 'Login')]</arg>
</arguments>
<msg timestamp="20200203 17:38:09.593" level="INFO">Clicking element 'xpath://button[@type='submit' and contains(text(), 'Login')]'.</msg>
<status status="PASS" starttime="20200203 17:38:09.593" endtime="20200203 17:38:10.230"></status>
</kw>
<kw name="Sleep" library="BuiltIn">
<doc>Pauses the test executed for the given time.</doc>
<arguments>
<arg>5</arg>
</arguments>
<msg timestamp="20200203 17:38:15.232" level="INFO">Slept 5 seconds</msg>
<status status="PASS" starttime="20200203 17:38:10.230" endtime="20200203 17:38:15.232"></status>
</kw>
<kw name="Page Should Contain Element" library="SeleniumLibrary">
<doc>Verifies that element ``locator`` is found on the current page.</doc>
<arguments>
<arg>xpath://i[@role='img ' and @title='My LEO']</arg>
</arguments>
<msg timestamp="20200203 17:38:15.259" level="INFO">Current page contains element 'xpath://i[@role='img ' and @title='My LEO']'.</msg>
<status status="PASS" starttime="20200203 17:38:15.232" endtime="20200203 17:38:15.259"></status>
</kw>
<kw name="Click Element" library="SeleniumLibrary">
<doc>Click the element identified by ``locator``.</doc>
<arguments>
<arg>xpath://i[@role='img ' and @title='My LEO']</arg>
</arguments>
<msg timestamp="20200203 17:38:15.260" level="INFO">Clicking element 'xpath://i[@role='img ' and @title='My LEO']'.</msg>
<status status="PASS" starttime="20200203 17:38:15.259" endtime="20200203 17:38:15.312"></status>
</kw>
<kw name="Page Should Contain Element" library="SeleniumLibrary">
<doc>Verifies that element ``locator`` is found on the current page.</doc>
<arguments>
<arg>xpath://span[@id='usersNickName']</arg>
</arguments>
<msg timestamp="20200203 17:38:15.330" level="INFO">Current page contains element 'xpath://span[@id='usersNickName']'.</msg>
<status status="PASS" starttime="20200203 17:38:15.313" endtime="20200203 17:38:15.330"></status>
</kw>
<kw name="Sleep" library="BuiltIn">
<doc>Pauses the test executed for the given time.</doc>
<arguments>
<arg>2</arg>
</arguments>
<msg timestamp="20200203 17:38:17.331" level="INFO">Slept 2 seconds</msg>
<status status="PASS" starttime="20200203 17:38:15.330" endtime="20200203 17:38:17.331"></status>
</kw>
<kw name="Close All Excel Documents" library="ExcelLibrary">
<doc>Closes all opened documents.</doc>
<status status="PASS" starttime="20200203 17:38:17.331" endtime="20200203 17:38:17.331"></status>
</kw>
<status status="PASS" starttime="20200203 17:38:07.552" endtime="20200203 17:38:17.332"></status>
</kw>
<kw name="Sleep" library="BuiltIn">
<doc>Pauses the test executed for the given time.</doc>
<arguments>
<arg>3</arg>
</arguments>
<msg timestamp="20200203 17:38:20.334" level="INFO">Slept 3 seconds</msg>
<status status="PASS" starttime="20200203 17:38:17.332" endtime="20200203 17:38:20.334"></status>
</kw>
<kw name="wordSearch" library="CommonlyUsedKeywords">
<kw name="Wait Until Keyword Succeeds" library="BuiltIn">
<doc>Runs the specified keyword and retries if it fails.</doc>
<arguments>
<arg>2</arg>
<arg>1</arg>
<arg>Click element</arg>
<arg>xpath://a[@class='ib' and contains(text(), 'Dictionary')]</arg>
</arguments>
<kw name="Click Element" library="SeleniumLibrary">
<doc>Click the element identified by ``locator``.</doc>
<arguments>
<arg>xpath://a[@class='ib' and contains(text(), 'Dictionary')]</arg>
</arguments>
<msg timestamp="20200203 17:38:20.335" level="INFO">Clicking element 'xpath://a[@class='ib' and contains(text(), 'Dictionary')]'.</msg>
<status status="PASS" starttime="20200203 17:38:20.335" endtime="20200203 17:38:20.998"></status>
</kw>
<status status="PASS" starttime="20200203 17:38:20.335" endtime="20200203 17:38:20.998"></status>
</kw>
<kw name="Sleep" library="BuiltIn">
<doc>Pauses the test executed for the given time.</doc>
<arguments>
<arg>3</arg>
</arguments>
<msg timestamp="20200203 17:38:24.000" level="INFO">Slept 3 seconds</msg>
<status status="PASS" starttime="20200203 17:38:20.998" endtime="20200203 17:38:24.000"></status>
</kw>
<kw name="Open Excel Document" library="ExcelLibrary">
<doc>Opens xlsx document file.</doc>
<arguments>
<arg>C:/Users/nage/Robot clones/RobotFM/Leo.xlsx</arg>
<arg>doc_id=Leo1.xlsx</arg>
</arguments>
<status status="PASS" starttime="20200203 17:38:24.000" endtime="20200203 17:38:24.006"></status>
</kw>
<kw name="Read Excel Cell" library="ExcelLibrary">
<doc>Returns content of a cell.</doc>
<arguments>
<arg>5</arg>
<arg>2</arg>
</arguments>
<assign>
<var>${wordToTranslate}</var>
</assign>
<msg timestamp="20200203 17:38:24.006" level="INFO">${wordToTranslate} = Hallo</msg>
<status status="PASS" starttime="20200203 17:38:24.006" endtime="20200203 17:38:24.006"></status>
</kw>
<kw name="Wait Until Keyword Succeeds" library="BuiltIn">
<doc>Runs the specified keyword and retries if it fails.</doc>
<arguments>
<arg>2</arg>
<arg>1</arg>
<arg>Clear Element Text</arg>
<arg>xpath://input[@type='search']</arg>
</arguments>
<kw name="Clear Element Text" library="SeleniumLibrary">
<doc>Clears the value of the text-input-element identified by ``locator``.</doc>
<arguments>
<arg>xpath://input[@type='search']</arg>
</arguments>
<status status="PASS" starttime="20200203 17:38:24.006" endtime="20200203 17:38:24.064"></status>
</kw>
<status status="PASS" starttime="20200203 17:38:24.006" endtime="20200203 17:38:24.064"></status>
</kw>
<kw name="Wait Until Keyword Succeeds" library="BuiltIn">
<doc>Runs the specified keyword and retries if it fails.</doc>
<arguments>
<arg>2</arg>
<arg>1</arg>
<arg>Input Text</arg>
<arg>xpath://input[@type='search']</arg>
<arg>${wordToTranslate}</arg>
</arguments>
<kw name="Input Text" library="SeleniumLibrary">
<doc>Types the given ``text`` into the text field identified by ``locator``.</doc>
<arguments>
<arg>xpath://input[@type='search']</arg>
<arg>${wordToTranslate}</arg>
</arguments>
<msg timestamp="20200203 17:38:24.065" level="INFO">Typing text 'Hallo' into text field 'xpath://input[@type='search']'.</msg>
<status status="PASS" starttime="20200203 17:38:24.065" endtime="20200203 17:38:24.137"></status>
</kw>
<status status="PASS" starttime="20200203 17:38:24.065" endtime="20200203 17:38:24.137"></status>
</kw>
<kw name="Sleep" library="BuiltIn">
<doc>Pauses the test executed for the given time.</doc>
<arguments>
<arg>2</arg>
</arguments>
<msg timestamp="20200203 17:38:26.139" level="INFO">Slept 2 seconds</msg>
<status status="PASS" starttime="20200203 17:38:24.137" endtime="20200203 17:38:26.140"></status>
</kw>
<kw name="Click Element" library="SeleniumLibrary">
<doc>Click the element identified by ``locator``.</doc>
<arguments>
<arg>xpath://i[@role='img ' and @title='Start search']</arg>
</arguments>
<msg timestamp="20200203 17:38:26.141" level="INFO">Clicking element 'xpath://i[@role='img ' and @title='Start search']'.</msg>
<status status="PASS" starttime="20200203 17:38:26.140" endtime="20200203 17:38:26.256"></status>
</kw>
<kw name="Sleep" library="BuiltIn">
<doc>Pauses the test executed for the given time.</doc>
<arguments>
<arg>2</arg>
</arguments>
<msg timestamp="20200203 17:38:28.259" level="INFO">Slept 2 seconds</msg>
<status status="PASS" starttime="20200203 17:38:26.256" endtime="20200203 17:38:28.259"></status>
</kw>
<kw name="Wait Until Keyword Succeeds" library="BuiltIn">
<doc>Runs the specified keyword and retries if it fails.</doc>
<arguments>
<arg>2</arg>
<arg>1</arg>
<arg>Click element</arg>
<arg>xpath://span[@data-dz-ui="menu" and @data-dz-role="searchbar-switchdict"]</arg>
</arguments>
<kw name="Click Element" library="SeleniumLibrary">
<doc>Click the element identified by ``locator``.</doc>
<arguments>
<arg>xpath://span[@data-dz-ui="menu" and @data-dz-role="searchbar-switchdict"]</arg>
</arguments>
<msg timestamp="20200203 17:38:28.261" level="INFO">Clicking element 'xpath://span[@data-dz-ui="menu" and @data-dz-role="searchbar-switchdict"]'.</msg>
<status status="PASS" starttime="20200203 17:38:28.260" endtime="20200203 17:38:28.379"></status>
</kw>
<status status="PASS" starttime="20200203 17:38:28.260" endtime="20200203 17:38:28.379"></status>
</kw>
<kw name="Sleep" library="BuiltIn">
<doc>Pauses the test executed for the given time.</doc>
<arguments>
<arg>2</arg>
</arguments>
<msg timestamp="20200203 17:38:30.380" level="INFO">Slept 2 seconds</msg>
<status status="PASS" starttime="20200203 17:38:28.379" endtime="20200203 17:38:30.380"></status>
</kw>
<kw name="Wait Until Keyword Succeeds" library="BuiltIn">
<doc>Runs the specified keyword and retries if it fails.</doc>
<arguments>
<arg>2</arg>
<arg>1</arg>
<arg>Click element</arg>
<arg>xpath://li[@class="menu-item p-h-medium" and @data-dz-lp="frde"]</arg>
</arguments>
<kw name="Click Element" library="SeleniumLibrary">
<doc>Click the element identified by ``locator``.</doc>
<arguments>
<arg>xpath://li[@class="menu-item p-h-medium" and @data-dz-lp="frde"]</arg>
</arguments>
<msg timestamp="20200203 17:38:30.380" level="INFO">Clicking element 'xpath://li[@class="menu-item p-h-medium" and @data-dz-lp="frde"]'.</msg>
<status status="PASS" starttime="20200203 17:38:30.380" endtime="20200203 17:38:31.224"></status>
</kw>
<status status="PASS" starttime="20200203 17:38:30.380" endtime="20200203 17:38:31.224"></status>
</kw>
<kw name="Click Element" library="SeleniumLibrary">
<doc>Click the element identified by ``locator``.</doc>
<arguments>
<arg>xpath://i[@role='img ' and @title="Suche starten"]</arg>
</arguments>
<msg timestamp="20200203 17:38:31.225" level="INFO">Clicking element 'xpath://i[@role='img ' and @title="Suche starten"]'.</msg>
<status status="PASS" starttime="20200203 17:38:31.225" endtime="20200203 17:38:31.451"></status>
</kw>
<kw name="Close All Excel Documents" library="ExcelLibrary">
<doc>Closes all opened documents.</doc>
<status status="PASS" starttime="20200203 17:38:31.451" endtime="20200203 17:38:31.451"></status>
</kw>
<status status="PASS" starttime="20200203 17:38:20.335" endtime="20200203 17:38:31.452"></status>
</kw>
<kw name="Wait Until Keyword Succeeds" library="BuiltIn">
<doc>Runs the specified keyword and retries if it fails.</doc>
<arguments>
<arg>2</arg>
<arg>1</arg>
<arg>Click element</arg>
<arg>xpath://a[@class='ib' and contains(text(), 'Forum')]</arg>
</arguments>
<kw name="Click Element" library="SeleniumLibrary">
<doc>Click the element identified by ``locator``.</doc>
<arguments>
<arg>xpath://a[@class='ib' and contains(text(), 'Forum')]</arg>
</arguments>
<msg timestamp="20200203 17:38:31.452" level="INFO">Clicking element 'xpath://a[@class='ib' and contains(text(), 'Forum')]'.</msg>
<status status="PASS" starttime="20200203 17:38:31.452" endtime="20200203 17:38:32.763"></status>
</kw>
<status status="PASS" starttime="20200203 17:38:31.452" endtime="20200203 17:38:32.763"></status>
</kw>
<kw name="Wait Until Keyword Succeeds" library="BuiltIn">
<doc>Runs the specified keyword and retries if it fails.</doc>
<arguments>
<arg>2</arg>
<arg>1</arg>
<arg>Click element</arg>
<arg>xpath://a[@class='ib' and contains(text(), 'Trainer')]</arg>
</arguments>
<kw name="Click Element" library="SeleniumLibrary">
<doc>Click the element identified by ``locator``.</doc>
<arguments>
<arg>xpath://a[@class='ib' and contains(text(), 'Trainer')]</arg>
</arguments>
<msg timestamp="20200203 17:38:32.765" level="INFO">Clicking element 'xpath://a[@class='ib' and contains(text(), 'Trainer')]'.</msg>
<status status="PASS" starttime="20200203 17:38:32.765" endtime="20200203 17:38:34.460"></status>
</kw>
<status status="PASS" starttime="20200203 17:38:32.764" endtime="20200203 17:38:34.460"></status>
</kw>
<kw name="Wait Until Keyword Succeeds" library="BuiltIn">
<doc>Runs the specified keyword and retries if it fails.</doc>
<arguments>
<arg>2</arg>
<arg>1</arg>
<arg>Click element</arg>
<arg>xpath://button[@type="button" and contains(text(), 'Weiter')]</arg>
</arguments>
<kw name="Click Element" library="SeleniumLibrary">
<doc>Click the element identified by ``locator``.</doc>
<arguments>
<arg>xpath://button[@type="button" and contains(text(), 'Weiter')]</arg>
</arguments>
<msg timestamp="20200203 17:38:34.461" level="INFO">Clicking element 'xpath://button[@type="button" and contains(text(), 'Weiter')]'.</msg>
<kw name="Capture Page Screenshot" library="SeleniumLibrary">
<doc>Takes a screenshot of the current page and embeds it into a log file.</doc>
<msg timestamp="20200203 17:38:35.403" level="INFO" html="yes">&lt;/td&gt;&lt;/tr&gt;&lt;tr&gt;&lt;td colspan="3"&gt;&lt;a href="selenium-screenshot-2.png"&gt;&lt;img src="selenium-screenshot-2.png" width="800px"&gt;&lt;/a&gt;</msg>
<status status="PASS" starttime="20200203 17:38:34.503" endtime="20200203 17:38:35.404"></status>
</kw>
<msg timestamp="20200203 17:38:35.404" level="FAIL">ElementNotInteractableException: Message: element not interactable
  (Session info: chrome=79.0.3945.130)
</msg>
<status status="FAIL" starttime="20200203 17:38:34.461" endtime="20200203 17:38:35.404"></status>
</kw>
<kw name="Click Element" library="SeleniumLibrary">
<doc>Click the element identified by ``locator``.</doc>
<arguments>
<arg>xpath://button[@type="button" and contains(text(), 'Weiter')]</arg>
</arguments>
<msg timestamp="20200203 17:38:36.406" level="INFO">Clicking element 'xpath://button[@type="button" and contains(text(), 'Weiter')]'.</msg>
<status status="PASS" starttime="20200203 17:38:36.405" endtime="20200203 17:38:36.453"></status>
</kw>
<status status="PASS" starttime="20200203 17:38:34.460" endtime="20200203 17:38:36.453"></status>
</kw>
<kw name="Sleep" library="BuiltIn">
<doc>Pauses the test executed for the given time.</doc>
<arguments>
<arg>2</arg>
</arguments>
<msg timestamp="20200203 17:38:38.456" level="INFO">Slept 2 seconds</msg>
<status status="PASS" starttime="20200203 17:38:36.453" endtime="20200203 17:38:38.456"></status>
</kw>
<kw name="Wait Until Keyword Succeeds" library="BuiltIn">
<doc>Runs the specified keyword and retries if it fails.</doc>
<arguments>
<arg>2</arg>
<arg>1</arg>
<arg>Click element</arg>
<arg>xpath://a[@class='ib' and contains(text(), 'Kurse')]</arg>
</arguments>
<kw name="Click Element" library="SeleniumLibrary">
<doc>Click the element identified by ``locator``.</doc>
<arguments>
<arg>xpath://a[@class='ib' and contains(text(), 'Kurse')]</arg>
</arguments>
<msg timestamp="20200203 17:38:38.456" level="INFO">Clicking element 'xpath://a[@class='ib' and contains(text(), 'Kurse')]'.</msg>
<status status="PASS" starttime="20200203 17:38:38.456" endtime="20200203 17:38:44.532"></status>
</kw>
<status status="PASS" starttime="20200203 17:38:38.456" endtime="20200203 17:38:44.532"></status>
</kw>
<kw name="Close Browser" library="SeleniumLibrary">
<doc>Closes the current browser.</doc>
<status status="PASS" starttime="20200203 17:38:44.533" endtime="20200203 17:38:46.929"></status>
</kw>
<status status="PASS" starttime="20200203 17:38:02.950" endtime="20200203 17:38:46.929" critical="yes"></status>
</test>
<status status="PASS" starttime="20200203 17:38:01.910" endtime="20200203 17:38:46.929"></status>
</suite>
<statistics>
<total>
<stat pass="1" fail="0">Critical Tests</stat>
<stat pass="1" fail="0">All Tests</stat>
</total>
<tag>
</tag>
<suite>
<stat pass="1" fail="0" id="s1" name="Leo">Leo</stat>
</suite>
</statistics>
<errors>
</errors>
</robot>
